<?xml version="1.0" encoding="UTF-8"?>
<!-- Generated by org.testng.reporters.JUnitXMLReporter -->
<testsuite ignored="0" hostname="LAPTOP-A38V3DO6" failures="2" tests="5" name="Default test" time="90.834" errors="0" timestamp="2023-09-10T09:52:03 IST">
  <testcase classname="io.cucumber.testng.AbstractTestNGCucumberTests" name="runScenario" time="3.166"/>
  <testcase classname="io.cucumber.testng.AbstractTestNGCucumberTests" name="runScenario" time="9.118"/>
  <testcase classname="io.cucumber.testng.AbstractTestNGCucumberTests" name="runScenario" time="1.674">
    <failure type="java.lang.AssertionError" message="The following asserts failed:
	expected [Your username is invaliddd!] but found [Your username is invalid!]">
      <![CDATA[java.lang.AssertionError: The following asserts failed:
expected [Your username is invaliddd!] but found [Your username is invalid!]
at org.testng.asserts.SoftAssert.assertAll(SoftAssert.java:46)
at org.testng.asserts.SoftAssert.assertAll(SoftAssert.java:30)
at stepDefinitions.login_stepDeff.check_after_assert(login_stepDeff.java:107)
at ✽.Check After Assert(file:///C:/Users/Sanjay%20Prasad/eclipse-workspace/allurecucumberProject_Docker/src/test/resources/features/loginPage.feature:16)
]]>
    </failure>
  </testcase> <!-- runScenario -->
  <testcase classname="io.cucumber.testng.AbstractTestNGCucumberTests" name="runScenario" time="1.373">
    <failure type="java.lang.AssertionError" message="The following asserts failed:
	expected [Your username is invaliddd!] but found [Your username is invalid!]">
      <![CDATA[java.lang.AssertionError: The following asserts failed:
expected [Your username is invaliddd!] but found [Your username is invalid!]
at org.testng.asserts.SoftAssert.assertAll(SoftAssert.java:46)
at org.testng.asserts.SoftAssert.assertAll(SoftAssert.java:30)
at stepDefinitions.login_stepDeff.check_after_assert(login_stepDeff.java:107)
at ✽.Check After Assert(file:///C:/Users/Sanjay%20Prasad/eclipse-workspace/allurecucumberProject_Docker/src/test/resources/features/loginPage.feature:16)
]]>
    </failure>
  </testcase> <!-- runScenario -->
  <testcase classname="io.cucumber.testng.AbstractTestNGCucumberTests" name="runScenario" time="1.553"/>
</testsuite> <!-- Default test -->
