<?xml version="1.0" encoding="UTF-8"?>
<!-- Generated by org.testng.reporters.JUnitXMLReporter -->
<testsuite ignored="0" hostname="LAPTOP-A38V3DO6" failures="2" tests="4" name="Test" time="28.884" errors="0" timestamp="2023-07-17T18:57:06 IST">
  <testcase classname="io.cucumber.testng.AbstractTestNGCucumberTests" name="runScenario" time="12.372">
    <failure type="java.lang.AssertionError" message="expected [Helloo] but found [Hello]">
      <![CDATA[java.lang.AssertionError: expected [Helloo] but found [Hello]
at pagess.homePage.checkHelloTxt(homePage.java:40)
at stepDefinitions.checkHomePage_stepDefs.the_user_validate_page_hello(checkHomePage_stepDefs.java:36)
at ✽.The user validate page hello(file:///C:/Users/Sanjay%20Prasad/eclipse-workspace/allurecucumberProject2/src/test/resources/features/checkHomePage.feature:9)
... Removed 6 stack frames]]>
    </failure>
  </testcase> <!-- runScenario -->
  <testcase classname="io.cucumber.testng.AbstractTestNGCucumberTests" name="runScenario" time="7.825">
    <failure type="java.lang.AssertionError" message="Failed due to unccessful Logged in message ">
      <![CDATA[java.lang.AssertionError: Failed due to unccessful Logged in message 
at stepDefinitions.login_stepDeff.user_is_navigated_to_home_page(login_stepDeff.java:78)
at ✽.User is navigated to home page(file:///C:/Users/Sanjay%20Prasad/eclipse-workspace/allurecucumberProject2/src/test/resources/features/loginPage.feature:10)
... Removed 1 stack frames]]>
    </failure>
  </testcase> <!-- runScenario -->
  <testcase classname="io.cucumber.testng.AbstractTestNGCucumberTests" name="runScenario" time="4.198"/>
  <testcase classname="io.cucumber.testng.AbstractTestNGCucumberTests" name="runScenario" time="3.953"/>
</testsuite> <!-- Test -->
