<?xml version="1.0" encoding="UTF-8"?>
<!-- Generated by org.testng.reporters.JUnitXMLReporter -->
<testsuite ignored="0" hostname="LAPTOP-A38V3DO6" failures="2" tests="5" name="Test" time="22.057" errors="0" timestamp="2023-09-10T23:26:04 IST">
  <testcase classname="io.cucumber.testng.AbstractTestNGCucumberTests" name="runScenario" time="4.414"/>
  <testcase classname="io.cucumber.testng.AbstractTestNGCucumberTests" name="runScenario" time="4.96"/>
  <testcase classname="io.cucumber.testng.AbstractTestNGCucumberTests" name="runScenario" time="1.157">
    <failure type="java.lang.AssertionError" message="The following asserts failed:
	expected [Your username is invaliddd!] but found [Your username is invalid!]">
      <![CDATA[java.lang.AssertionError: The following asserts failed:
expected [Your username is invaliddd!] but found [Your username is invalid!]
at stepDefinitions.login_stepDeff.check_after_assert(login_stepDeff.java:107)
at ✽.Check After Assert(file:///C:/Users/Sanjay%20Prasad/eclipse-workspace/allurecucumberProject_Docker/src/test/resources/features/loginPage.feature:16)
... Removed 2 stack frames]]>
    </failure>
  </testcase> <!-- runScenario -->
  <testcase classname="io.cucumber.testng.AbstractTestNGCucumberTests" name="runScenario" time="5.112">
    <failure type="java.lang.AssertionError" message="The following asserts failed:
	expected [Your username is invaliddd!] but found [Your username is invalid!]">
      <![CDATA[java.lang.AssertionError: The following asserts failed:
expected [Your username is invaliddd!] but found [Your username is invalid!]
at stepDefinitions.login_stepDeff.check_after_assert(login_stepDeff.java:107)
at ✽.Check After Assert(file:///C:/Users/Sanjay%20Prasad/eclipse-workspace/allurecucumberProject_Docker/src/test/resources/features/loginPage.feature:16)
... Removed 2 stack frames]]>
    </failure>
  </testcase> <!-- runScenario -->
  <testcase classname="io.cucumber.testng.AbstractTestNGCucumberTests" name="runScenario" time="0.606"/>
</testsuite> <!-- Test -->
