{"uuid":"a19d3dbb-9211-490d-bfe1-77e5cfb320c9","historyId":"fed76961a57cce9ba6bbf5007478a2ce","fullName":"Login to the Application: Un-Successful Login","labels":[{"name":"tag","value":"Login"},{"name":"severity","value":"blocker"},{"name":"host","value":"LAPTOP-A38V3DO6"},{"name":"thread","value":"11356@LAPTOP-A38V3DO6.main(1)"},{"name":"feature","value":"Login to the Application"},{"name":"story","value":"Un-Successful Login"},{"name":"suite","value":"Login to the Application"},{"name":"testClass","value":"Un-Successful Login"},{"name":"framework","value":"cucumber4jvm"},{"name":"language","value":"java"},{"name":"gherkin_uri","value":"file:///C:/Users/Sanjay%20Prasad/eclipse-workspace/allurecucumberProject_Docker/src/test/resources/features/loginPage.feature"},{"name":"package","value":"src.test.resources.features.loginPage_feature.Login to the Application"}],"links":[],"name":"Un-Successful Login","status":"failed","statusDetails":{"known":false,"muted":false,"flaky":false,"message":"The following asserts failed:\n\texpected [Your username is invaliddd!] but found [Your username is invalid!]","trace":"java.lang.AssertionError: The following asserts failed:\n\texpected [Your username is invaliddd!] but found [Your username is invalid!]\r\n\tat org.testng.asserts.SoftAssert.assertAll(SoftAssert.java:46)\r\n\tat org.testng.asserts.SoftAssert.assertAll(SoftAssert.java:30)\r\n\tat stepDefinitions.login_stepDeff.check_after_assert(login_stepDeff.java:107)\r\n\tat ✽.Check After Assert(file:///C:/Users/Sanjay%20Prasad/eclipse-workspace/allurecucumberProject_Docker/src/test/resources/features/loginPage.feature:16)\r\n"},"stage":"finished","steps":[{"name":"Given  The user in on the Login page","status":"passed","statusDetails":{"known":false,"muted":false,"flaky":false},"stage":"finished","steps":[],"attachments":[],"parameters":[],"start":1694319718485,"stop":1694319719249},{"name":"When  The user enter \"invalid_1\" and password","status":"passed","statusDetails":{"known":false,"muted":false,"flaky":false},"stage":"finished","steps":[{"name":"User enter the username....","status":"passed","stage":"finished","steps":[],"attachments":[],"parameters":[{"name":"user","value":"invalid_1"}],"start":1694319719251,"stop":1694319719387},{"name":"User enter the password....","status":"passed","stage":"finished","steps":[],"attachments":[],"parameters":[{"name":"pass","value":"Password123"}],"start":1694319719388,"stop":1694319719519}],"attachments":[],"parameters":[],"start":1694319719249,"stop":1694319719520},{"name":"And  Click on Login button","status":"passed","statusDetails":{"known":false,"muted":false,"flaky":false},"stage":"finished","steps":[{"name":"User click on the Submit button....","status":"passed","stage":"finished","steps":[],"attachments":[],"parameters":[],"start":1694319719520,"stop":1694319719637}],"attachments":[],"parameters":[],"start":1694319719520,"stop":1694319719637},{"name":"Then  User is not navigated to home page","status":"passed","statusDetails":{"known":false,"muted":false,"flaky":false},"stage":"finished","steps":[],"attachments":[],"parameters":[],"start":1694319719638,"stop":1694319719749},{"name":"Then  Check After Assert","status":"failed","statusDetails":{"known":false,"muted":false,"flaky":false,"message":"The following asserts failed:\n\texpected [Your username is invaliddd!] but found [Your username is invalid!]","trace":"java.lang.AssertionError: The following asserts failed:\n\texpected [Your username is invaliddd!] but found [Your username is invalid!]\r\n\tat org.testng.asserts.SoftAssert.assertAll(SoftAssert.java:46)\r\n\tat org.testng.asserts.SoftAssert.assertAll(SoftAssert.java:30)\r\n\tat stepDefinitions.login_stepDeff.check_after_assert(login_stepDeff.java:107)\r\n\tat ✽.Check After Assert(file:///C:/Users/Sanjay%20Prasad/eclipse-workspace/allurecucumberProject_Docker/src/test/resources/features/loginPage.feature:16)\r\n"},"stage":"finished","steps":[],"attachments":[],"parameters":[],"start":1694319719749,"stop":1694319719760}],"attachments":[],"parameters":[{"name":"username","value":"invalid_1"}],"start":1694319718485,"stop":1694319720035}