<?xml version="1.0" encoding="UTF-8"?>
<!-- Generated by org.testng.reporters.JUnitReportReporter -->
<testsuite hostname="LAPTOP-A38V3DO6" failures="2" tests="5" name="runner.TestRunner" time="16.249" errors="0" timestamp="2023-09-10T23:26:04 IST" skipped="0">
  <testcase classname="runner.TestRunner" name="runScenario" time="5.112">
    <failure message="The following asserts failed:
	expected [Your username is invaliddd!] but found [Your username is invalid!]" type="java.lang.AssertionError">
      <![CDATA[java.lang.AssertionError: The following asserts failed:
expected [Your username is invaliddd!] but found [Your username is invalid!]
at org.testng.asserts.SoftAssert.assertAll(SoftAssert.java:46)
at org.testng.asserts.SoftAssert.assertAll(SoftAssert.java:30)
at stepDefinitions.login_stepDeff.check_after_assert(login_stepDeff.java:107)
at ✽.Check After Assert(file:///C:/Users/Sanjay%20Prasad/eclipse-workspace/allurecucumberProject_Docker/src/test/resources/features/loginPage.feature:16)
]]>
    </failure>
  </testcase> <!-- runScenario -->
  <system-out/>
  <testcase classname="runner.TestRunner" name="runScenario" time="1.157">
    <failure message="The following asserts failed:
	expected [Your username is invaliddd!] but found [Your username is invalid!]" type="java.lang.AssertionError">
      <![CDATA[java.lang.AssertionError: The following asserts failed:
expected [Your username is invaliddd!] but found [Your username is invalid!]
at org.testng.asserts.SoftAssert.assertAll(SoftAssert.java:46)
at org.testng.asserts.SoftAssert.assertAll(SoftAssert.java:30)
at stepDefinitions.login_stepDeff.check_after_assert(login_stepDeff.java:107)
at ✽.Check After Assert(file:///C:/Users/Sanjay%20Prasad/eclipse-workspace/allurecucumberProject_Docker/src/test/resources/features/loginPage.feature:16)
]]>
    </failure>
  </testcase> <!-- runScenario -->
  <system-out/>
  <testcase classname="runner.TestRunner" name="runScenario" time="0.606"/>
  <system-out/>
  <testcase classname="runner.TestRunner" name="runScenario" time="4.960"/>
  <system-out/>
  <testcase classname="runner.TestRunner" name="runScenario" time="4.414"/>
  <system-out/>
</testsuite> <!-- runner.TestRunner -->
